C51 COMPILER V9.54   BEEP                                                                  04/06/2019 10:23:25 PAGE 1   


C51 COMPILER V9.54, COMPILATION OF MODULE BEEP
OBJECT MODULE PLACED IN ..\OBJ\beep.obj
COMPILER INVOKED BY: D:\MDK5\C51\BIN\C51.EXE ..\HARDWARE\beep.c OPTIMIZE(8,SPEED) BROWSE INCDIR(..\HARDWARE) DEBUG OBJEC
                    -TEXTEND PRINT(.\Listings\beep.lst) TABS(2) OBJECT(..\OBJ\beep.obj)

line level    source

   1          #include "beep.h"
   2          #include "delay.h"
   3          /*******************************************************************************
   4          * 函 数 名         :   turn_on_speaker
   5          * 函数功能         : 有源蜂鸣器启动
   6          * 输    入         : 无
   7          * 输    出         : 无
   8          * 说    名         : 此时J7的5,3用跳线帽连在一起
   9          *******************************************************************************/
  10          
  11          void turn_on_speaker(void)
  12          {
  13   1        SPEA = 0;
  14   1      
  15   1      }
  16          /*******************************************************************************
  17          * 函 数 名         :   turn_off_speaker
  18          * 函数功能         : 有源蜂鸣器关闭
  19          * 输    入         : 无
  20          * 输    出         : 无
  21          * 说    名         : 此时J7的5,3用跳线帽连在一起
  22          *******************************************************************************/
  23          void turn_off_speaker(void)
  24          {
  25   1        SPEA=1;
  26   1      }
  27          /*******************************************************************************
  28          * 函 数 名         :   success_speaker
  29          * 函数功能         : //改变频率，成功时发出清脆的声音
  30          * 输    入         : 无
  31          * 输    出         : 无
  32          * 说    名         : 此时J7的5,3用跳线帽连在一起
  33          *******************************************************************************/
  34          void success_speaker(void)
  35          {
  36   1      
  37   1      }
  38          /*******************************************************************************
  39          * 函 数 名         :   alarm_speakef
  40          * 函数功能         : 失败时发出警报 
  41          * 输    入         : 无
  42          * 输    出         : 无
  43          * 说    名         : 此时J7的5,3用跳线帽连在一起
  44          *******************************************************************************/
  45          void alarm_speakef(void)
  46          {
  47   1      
  48   1      
  49   1      
  50   1      }
  51          
  52          
  53          
  54          
C51 COMPILER V9.54   BEEP                                                                  04/06/2019 10:23:25 PAGE 2   

  55          
  56          
  57          
  58          


MODULE INFORMATION:   STATIC OVERLAYABLE
   CODE SIZE        =      8    ----
   CONSTANT SIZE    =   ----    ----
   XDATA SIZE       =   ----    ----
   PDATA SIZE       =   ----    ----
   DATA SIZE        =   ----    ----
   IDATA SIZE       =   ----    ----
   BIT SIZE         =   ----    ----
END OF MODULE INFORMATION.


C51 COMPILATION COMPLETE.  0 WARNING(S),  0 ERROR(S)
