C51 COMPILER V9.54   EXIT                                                                  04/14/2019 23:52:48 PAGE 1   


C51 COMPILER V9.54, COMPILATION OF MODULE EXIT
OBJECT MODULE PLACED IN ..\OBJ\exit.obj
COMPILER INVOKED BY: D:\MDK5\C51\BIN\C51.EXE ..\HARDWARE\exit.c LARGE OPTIMIZE(8,SPEED) BROWSE INCDIR(..\HARDWARE) DEBUG
                    - OBJECTEXTEND PRINT(.\Listings\exit.lst) TABS(2) OBJECT(..\OBJ\exit.obj)

line level    source

   1          #include "exit.h"
   2          
   3          /////////////
   4          extern  flag ;
   5          extern  id_flag;
   6          extern  pwd_flag;
   7          extern  idy_stop_flag;
   8          /*******************************************************************************
   9          * 函 数 名         :   Exit_Init
  10          * 函数功能         : 外部中断初始化
  11          * 输    入         : 无
  12          * 输    出         : 无
  13          * 说    名         : 设置中断方式，且打开外部中断1，2。
  14          *******************************************************************************/
  15          void Exit_Init (void)
  16            
  17          {
  18   1        IT0=1;  
  19   1        EX0=1;
  20   1      //  IT1=1;
  21   1      //  EX1=1;
  22   1        EA=1;
  23   1      }
  24          /*******************************************************************************
  25          * 函 数 名         :   INT0_ISR
  26          * 函数功能         : 外部中断0服务函数
  27          * 输    入         : 无
  28          * 输    出         : 无
  29          * 说    名         : 改变flag的值
  30          *******************************************************************************/
  31          void INT0_ISR(void) interrupt 0
  32          {
  33   1        if(KEY1==0)
  34   1        { 
  35   2          delay_ms(10);
  36   2          if(KEY1==0)
  37   2          {
  38   3            switch(flag)
  39   3            { 
  40   4              case idle_state : flag = identify_state; break;
  41   4              case identify_state : flag = pwd_state;break;
  42   4              case del_state : flag = add_state;  break;
  43   4              case add_state : flag = idle_state; break;
  44   4              case pwd_state : flag = pwd_state; break;
  45   4              default : flag = idle_state;break;
  46   4            }
  47   3           while(!KEY1);
  48   3          }
  49   2        }
  50   1      }
  51          
  52          
  53          
  54          
C51 COMPILER V9.54   EXIT                                                                  04/14/2019 23:52:48 PAGE 2   

  55          
  56          
  57          
  58          


MODULE INFORMATION:   STATIC OVERLAYABLE
   CODE SIZE        =    147    ----
   CONSTANT SIZE    =   ----    ----
   XDATA SIZE       =   ----    ----
   PDATA SIZE       =   ----    ----
   DATA SIZE        =   ----    ----
   IDATA SIZE       =   ----    ----
   BIT SIZE         =   ----    ----
END OF MODULE INFORMATION.


C51 COMPILATION COMPLETE.  0 WARNING(S),  0 ERROR(S)
