C51 COMPILER V9.54   KET_ARR                                                               04/17/2019 21:46:39 PAGE 1   


C51 COMPILER V9.54, COMPILATION OF MODULE KET_ARR
OBJECT MODULE PLACED IN ..\OBJ\ket_arr.obj
COMPILER INVOKED BY: D:\MDK5\C51\BIN\C51.EXE ..\HARDWARE\ket_arr.c LARGE OPTIMIZE(8,SPEED) BROWSE INCDIR(..\HARDWARE) DE
                    -BUG OBJECTEXTEND PRINT(.\Listings\ket_arr.lst) TABS(2) OBJECT(..\OBJ\ket_arr.obj)

line level    source

   1          #include "key_arr.h"
   2          int KeyValue;
   3          //用来存放读取到的键值
   4          #define GPIO_KEY P3
   5          
   6          /*******************************************************************************
   7          * 函 数 名         :   KeyDown
   8          * 函数功能         : 矩阵按键扫描
   9          * 输    入         : 无
  10          * 输    出         : 无
  11          * 说    名         :改变矩阵按键键值
  12          *******************************************************************************/
  13          void KeyDown(void)
  14          {
  15   1        char a;
  16   1        int t,g;
  17   1        
  18   1        GPIO_KEY|=0X60;
  19   1        GPIO_KEY&=0xe7;
  20   1        t=GPIO_KEY&0x60;
  21   1        if(t!=0x60)
  22   1        { 
  23   2           
  24   2          if(t!=0x60)
  25   2          {
  26   3            //测试列
  27   3            delay_ms(10);//消抖
  28   3            switch(t)
  29   3            {
  30   4              case(0X40): KeyValue=1;break;
  31   4              case(0X20): KeyValue=2;break;
  32   4            }
  33   3            //测试行
  34   3             GPIO_KEY&=0X9f;
  35   3             GPIO_KEY|=0x18;
  36   3            delay_ms(10);
  37   3            g=GPIO_KEY&0x18;
  38   3            switch(g)
  39   3            {
  40   4              case(0X08): KeyValue=KeyValue;break;
  41   4              case(0X10): KeyValue=KeyValue+2;break;
  42   4            }
  43   3            while((a<50)&&(GPIO_KEY&0x18!=0x18))   //检测按键松手检测
  44   3            {
  45   4              
  46   4              delay_ms(10);
  47   4              a++;
  48   4            }
  49   3            a=0;
  50   3          }
  51   2        }
  52   1      }
*** WARNING C294 IN LINE 46 OF ..\HARDWARE\ket_arr.c: unreachable code

C51 COMPILER V9.54   KET_ARR                                                               04/17/2019 21:46:39 PAGE 2   


MODULE INFORMATION:   STATIC OVERLAYABLE
   CODE SIZE        =    149    ----
   CONSTANT SIZE    =   ----    ----
   XDATA SIZE       =      2       3
   PDATA SIZE       =   ----    ----
   DATA SIZE        =   ----    ----
   IDATA SIZE       =   ----    ----
   BIT SIZE         =   ----    ----
END OF MODULE INFORMATION.


C51 COMPILATION COMPLETE.  1 WARNING(S),  0 ERROR(S)
