C51 COMPILER V9.54   LCD                                                                   04/06/2019 01:38:38 PAGE 1   


C51 COMPILER V9.54, COMPILATION OF MODULE LCD
OBJECT MODULE PLACED IN ..\OBJ\lcd.obj
COMPILER INVOKED BY: D:\MDK5\C51\BIN\C51.EXE ..\HARDWARE\lcd.c OPTIMIZE(8,SPEED) BROWSE INCDIR(..\HARDWARE) DEBUG OBJECT
                    -EXTEND PRINT(.\Listings\lcd.lst) TABS(2) OBJECT(..\OBJ\lcd.obj)

line level    source

   1          #include "lcd.h"
   2          #include "delay.h"
   3          /*******************************************************************************
   4          * 函 数 名         : LcdWriteCom
   5          * 函数功能       : 向LCD写入一个字节的命令
   6          * 输    入         : com
   7          * 输    出         : 无
   8          *******************************************************************************/
   9          
  10          void LcdWriteCom(uchar com)   //写入命令
  11          {
  12   1        LCD1602_E = 0;     //使能
  13   1        LCD1602_RS = 0;    //选择发送命令
  14   1        LCD1602_RW = 0;    //选择写入
  15   1        
  16   1        LCD1602_DATAPINS = com;     //放入命令
  17   1        delay_ms(1);    //等待数据稳定
  18   1      
  19   1        LCD1602_E = 1;            //写入时序
  20   1        delay_ms(5);    //保持时间
  21   1        LCD1602_E = 0;
  22   1      }
  23          
  24          /*******************************************************************************
  25          * 函 数 名         : LcdWriteData
  26          * 函数功能       : 向LCD写入一个字节的数据
  27          * 输    入         : dat
  28          * 输    出         : 无
  29          *******************************************************************************/       
  30             
  31          void LcdWriteData(uchar dat)      //写入数据
  32          {
  33   1        LCD1602_E = 0;  //使能清零
  34   1        LCD1602_RS = 1; //选择输入数据
  35   1        LCD1602_RW = 0; //选择写入
  36   1      
  37   1        LCD1602_DATAPINS = dat; //写入数据
  38   1        delay_ms(1);
  39   1      
  40   1        LCD1602_E = 1;   //写入时序
  41   1        delay_ms(5);   //保持时间
  42   1        LCD1602_E = 0;
  43   1      }
  44          /*******************************************************************************
  45          * 函 数 名       : LcdInit()
  46          * 函数功能     : 初始化LCD屏
  47          * 输    入       : 无
  48          * 输    出       : 无
  49          *******************************************************************************/       
  50          void LcdInit(void)              //LCD初始化子程序
  51          {
  52   1        LcdWriteCom(0x32);   //将8位总线转为4位总线
  53   1        LcdWriteCom(0x28);   //在四位线下的初始化
  54   1        LcdWriteCom(0x0c);  //开显示不显示光标
C51 COMPILER V9.54   LCD                                                                   04/06/2019 01:38:38 PAGE 2   

  55   1        LcdWriteCom(0x06);  //写一个指针加1
  56   1        LcdWriteCom(0x01);  //清屏
  57   1        LcdWriteCom(0x80);  //设置数据指针起点
  58   1      }
  59          
  60          


MODULE INFORMATION:   STATIC OVERLAYABLE
   CODE SIZE        =     76    ----
   CONSTANT SIZE    =   ----    ----
   XDATA SIZE       =   ----    ----
   PDATA SIZE       =   ----    ----
   DATA SIZE        =   ----    ----
   IDATA SIZE       =   ----    ----
   BIT SIZE         =   ----    ----
END OF MODULE INFORMATION.


C51 COMPILATION COMPLETE.  0 WARNING(S),  0 ERROR(S)
