C51 COMPILER V9.54   MAIN                                                                  04/06/2019 15:08:42 PAGE 1   


C51 COMPILER V9.54, COMPILATION OF MODULE MAIN
OBJECT MODULE PLACED IN ..\OBJ\main.obj
COMPILER INVOKED BY: D:\MDK5\C51\BIN\C51.EXE main.c OPTIMIZE(8,SPEED) BROWSE INCDIR(..\HARDWARE) DEBUG OBJECTEXTEND PRIN
                    -T(.\Listings\main.lst) TABS(2) OBJECT(..\OBJ\main.obj)

line level    source

   1          #include "state.h"//包含特殊功能寄存器的头文件
   2          int flag ;
   3          
   4          /*******************************************************************************
   5          * 函 数 名         :   idle_handle
   6          * 函数功能         : 空闲服务函数
   7          * 输    入         : 无
   8          * 输    出         : 无
   9          * 说    名         : 改变flag的值
  10          *******************************************************************************/
  11          void main()             //主函数，每个C程序里都只有一个主函数
  12          {                 //{}代表函数的开始和结尾，注意成对存在
  13   1      
  14   1        unsigned char PuZh[]=" Init success ";  
  15   1        Exit_Init ();
  16   1        InitLcd1602();
  17   1        Ds1302Init();
  18   1        Uart_Init();
  19   1        LcdShowStr(0,0,PuZh);
  20   1        delay_ms(500);
  21   1        delay_ms(500);
  22   1      
  23   1        while(1)         //程序在这个函数死循环
  24   1        {
  25   2          if (flag == idle_state)
  26   2            idle_handle();
  27   2          else if (flag == identify_state)
  28   2            identify_handle();
  29   2          else if (flag == del_state)
  30   2            del_handle();
  31   2          else 
  32   2            add_handle();
  33   2        }
  34   1      }
  35          


MODULE INFORMATION:   STATIC OVERLAYABLE
   CODE SIZE        =     95    ----
   CONSTANT SIZE    =     15    ----
   XDATA SIZE       =   ----    ----
   PDATA SIZE       =   ----    ----
   DATA SIZE        =      2      15
   IDATA SIZE       =   ----    ----
   BIT SIZE         =   ----    ----
END OF MODULE INFORMATION.


C51 COMPILATION COMPLETE.  0 WARNING(S),  0 ERROR(S)
