C51 COMPILER V9.54   STATE                                                                 04/06/2019 10:23:27 PAGE 1   


C51 COMPILER V9.54, COMPILATION OF MODULE STATE
OBJECT MODULE PLACED IN ..\OBJ\state.obj
COMPILER INVOKED BY: D:\MDK5\C51\BIN\C51.EXE ..\HARDWARE\state.c OPTIMIZE(8,SPEED) BROWSE INCDIR(..\HARDWARE) DEBUG OBJE
                    -CTEXTEND PRINT(.\Listings\state.lst) TABS(2) OBJECT(..\OBJ\state.obj)

line level    source

   1          #include "state.h"
   2          #include "led.h"    
   3          #include "lcd.h" 
   4          #include "beep.h"
   5          #include "delay.h"
   6          /*******************************************************************************
   7          * 函 数 名         :   idle_handle
   8          * 函数功能         : 空闲服务函数
   9          * 输    入         : 无
  10          * 输    出         : 无
  11          * 说    名         : 改变flag的值
  12          *******************************************************************************/
  13          void idle_handle(void)
  14          {
  15   1       unsigned char PuZh[]=" Pechin Science ";
  16   1       LcdShowStr(0,0,PuZh);
  17   1      
  18   1      }
  19          /*******************************************************************************
  20          * 函 数 名         :   add_handle
  21          * 函数功能         : 添加指纹服务函数
  22          * 输    入         : 无
  23          * 输    出         : 无
  24          * 说    名         : 改变flag的值
  25          *******************************************************************************/
  26          void add_handle(void)
  27          {
  28   1      
  29   1      }
  30          /*******************************************************************************
  31          * 函 数 名         :   del_handle
  32          * 函数功能         : 删除指纹服务函数
  33          * 输    入         : 无
  34          * 输    出         : 无
  35          * 说    名         : 改变flag的值
  36          *******************************************************************************/
  37          void del_handle (void)
  38          {
  39   1      
  40   1      }
  41          /*******************************************************************************
  42          * 函 数 名         :   identify_handle
  43          * 函数功能         : 识别指纹服务函数
  44          * 输    入         : 无
  45          * 输    出         : 无
  46          * 说    名         : 改变flag的值
  47          *******************************************************************************/
  48          void identify_handle(void)
  49          {
  50   1      
  51   1      
  52   1      }
  53          
  54          
C51 COMPILER V9.54   STATE                                                                 04/06/2019 10:23:27 PAGE 2   

  55          
  56          
  57          
  58          
  59          
  60          
  61          


MODULE INFORMATION:   STATIC OVERLAYABLE
   CODE SIZE        =     34    ----
   CONSTANT SIZE    =     17    ----
   XDATA SIZE       =   ----    ----
   PDATA SIZE       =   ----    ----
   DATA SIZE        =   ----      17
   IDATA SIZE       =   ----    ----
   BIT SIZE         =   ----    ----
END OF MODULE INFORMATION.


C51 COMPILATION COMPLETE.  0 WARNING(S),  0 ERROR(S)
