C51 COMPILER V9.54   TIMER                                                                 04/06/2019 15:08:43 PAGE 1   


C51 COMPILER V9.54, COMPILATION OF MODULE TIMER
OBJECT MODULE PLACED IN ..\OBJ\timer.obj
COMPILER INVOKED BY: D:\MDK5\C51\BIN\C51.EXE ..\HARDWARE\timer.c OPTIMIZE(8,SPEED) BROWSE INCDIR(..\HARDWARE) DEBUG OBJE
                    -CTEXTEND PRINT(.\Listings\timer.lst) TABS(2) OBJECT(..\OBJ\timer.obj)

line level    source

   1          #include "timer.h"
   2          
   3          u8 time_flag=0;
   4          void time_ms_init(u8 t,u8 on_off)   //定时器0初始唬t为定时的毫秒数 
   5          {
   6   1        TMOD=0X00;   //定时器0 方式0
   7   1        TH0=(65536-t*10000)/256;
   8   1        TL0=(65536-t*10000)%256; 
   9   1        TR0=on_off;
  10   1        EA=1;
  11   1        ET0=1;
  12   1      }
  13          
  14          void time0() interrupt 1
  15          {
  16   1        time_flag++;
  17   1      }


MODULE INFORMATION:   STATIC OVERLAYABLE
   CODE SIZE        =     98    ----
   CONSTANT SIZE    =   ----    ----
   XDATA SIZE       =   ----    ----
   PDATA SIZE       =   ----    ----
   DATA SIZE        =      1       2
   IDATA SIZE       =   ----    ----
   BIT SIZE         =   ----    ----
END OF MODULE INFORMATION.


C51 COMPILATION COMPLETE.  0 WARNING(S),  0 ERROR(S)
