C51 COMPILER V9.54   UART                                                                  04/13/2019 23:32:09 PAGE 1   


C51 COMPILER V9.54, COMPILATION OF MODULE UART
OBJECT MODULE PLACED IN ..\OBJ\uart.obj
COMPILER INVOKED BY: D:\MDK5\C51\BIN\C51.EXE ..\HARDWARE\uart.c LARGE OPTIMIZE(8,SPEED) BROWSE INCDIR(..\HARDWARE) DEBUG
                    - OBJECTEXTEND PRINT(.\Listings\uart.lst) TABS(2) OBJECT(..\OBJ\uart.obj)

line level    source

   1          #include "uart.h"
   2          #include "delay.h"
   3          
   4          
   5          void UartInit(void)   //57600bps@11.0592MHz
   6          {
   7   1      
   8   1        AUXR &= ~(1<<4);  //Timer stop    波特率使用Timer2产生
   9   1        AUXR |= 0x01;   //S1 BRT Use Timer2;
  10   1        AUXR |=  (1<<2);  //Timer2 set as 1T mode
  11   1        T2H = (unsigned char)(Timer2_Reload >> 8);
  12   1        T2L = (unsigned char)Timer2_Reload;
  13   1        AUXR |=  (1<<4);  //Timer run enable
  14   1      
  15   1        S2CON |= 0x10;  //允许接收
  16   1      //  IE2 |= 0x01;  //允许中断
  17   1      
  18   1      //  EA = 1;   //允许全局中断
  19   1      }
  20          
  21          void TxdByte(unsigned char dat)//串口发送信息,通过查询方式发送一个字符
  22          {
  23   1          S2BUF = dat;   //读入数据
  24   1          while(!S2CON&0x02);  //等待发送完毕
  25   1          delay_us(10);
  26   1          S2CON &= 0xfd;     //清零
  27   1          delay_us(20);
  28   1      }


MODULE INFORMATION:   STATIC OVERLAYABLE
   CODE SIZE        =     51    ----
   CONSTANT SIZE    =   ----    ----
   XDATA SIZE       =   ----    ----
   PDATA SIZE       =   ----    ----
   DATA SIZE        =   ----    ----
   IDATA SIZE       =   ----    ----
   BIT SIZE         =   ----    ----
END OF MODULE INFORMATION.


C51 COMPILATION COMPLETE.  0 WARNING(S),  0 ERROR(S)
